{
    "total_bytes_written": 0,
    "total_bytes_read": 0,
    "rows_returned": 1,
    "latency": 0.003196958,
    "result_set_size": 8,
    "cumulative_rows_scanned": 27811432,
    "cpu_time": 0.022775163,
    "extra_info": {},
    "system_peak_buffer_memory": 79167488,
    "blocked_thread_time": 0.0,
    "cumulative_cardinality": 7,
    "system_peak_temp_dir_size": 0,
    "query_name": "SELECT COUNT(*) FROM t WHERE title LIKE 'the%';",
    "children": [
        {
            "total_bytes_written": 0,
            "result_set_size": 8,
            "operator_timing": 0.0000035000000000000004,
            "operator_rows_scanned": 0,
            "cumulative_rows_scanned": 27811432,
            "operator_cardinality": 1,
            "operator_type": "UNGROUPED_AGGREGATE",
            "total_bytes_read": 0,
            "operator_name": "UNGROUPED_AGGREGATE",
            "cpu_time": 0.022775163,
            "extra_info": {
                "Aggregates": "count_star()"
            },
            "cumulative_cardinality": 7,
            "children": [
                {
                    "cumulative_cardinality": 6,
                    "extra_info": {
                        "Table": "t",
                        "Type": "Sequential Scan",
                        "Projections": "",
                        "Filters": "title>='the' AND title<'thf'",
                        "Estimated Cardinality": "505662"
                    },
                    "operator_name": "SEQ_SCAN ",
                    "cpu_time": 0.022771663,
                    "cumulative_rows_scanned": 27811432,
                    "operator_rows_scanned": 27811432,
                    "operator_timing": 0.022771663,
                    "result_set_size": 96,
                    "total_bytes_read": 0,
                    "operator_type": "TABLE_SCAN",
                    "total_bytes_written": 0,
                    "operator_cardinality": 6,
                    "children": []
                }
            ]
        }
    ]
}